{"./public/javascripts/login.js":{"path":"./public/javascripts/login.js","s":{"1":1,"2":1,"3":6,"4":6,"5":4,"6":6,"7":4,"8":0,"9":0,"10":4,"11":1,"12":1,"13":6,"14":0,"15":0,"16":0,"17":0,"18":0,"19":0,"20":0,"21":0,"22":6,"23":1,"24":6,"25":4,"26":4,"27":4,"28":6,"29":1,"30":1},"b":{"1":[0,4],"2":[4,4],"3":[0,0],"4":[0,0]},"f":{"1":1,"2":6,"3":4,"4":4,"5":1,"6":1,"7":0,"8":0,"9":1,"10":4},"fnMap":{"1":{"name":"(anonymous_1)","line":1,"loc":{"start":{"line":1,"column":1},"end":{"line":1,"column":15}}},"2":{"name":"(anonymous_2)","line":3,"loc":{"start":{"line":3,"column":17},"end":{"line":3,"column":35}}},"3":{"name":"collectFormValues","line":17,"loc":{"start":{"line":17,"column":8},"end":{"line":17,"column":37}}},"4":{"name":"tryToLogin","line":24,"loc":{"start":{"line":24,"column":8},"end":{"line":24,"column":34}}},"5":{"name":"(anonymous_5)","line":36,"loc":{"start":{"line":36,"column":27},"end":{"line":36,"column":57}}},"6":{"name":"(anonymous_6)","line":37,"loc":{"start":{"line":37,"column":25},"end":{"line":37,"column":54}}},"7":{"name":"responseOK","line":41,"loc":{"start":{"line":41,"column":8},"end":{"line":41,"column":34}}},"8":{"name":"(anonymous_8)","line":51,"loc":{"start":{"line":51,"column":57},"end":{"line":51,"column":75}}},"9":{"name":"responseFAILED","line":60,"loc":{"start":{"line":60,"column":8},"end":{"line":60,"column":56}}},"10":{"name":"(anonymous_10)","line":64,"loc":{"start":{"line":64,"column":20},"end":{"line":64,"column":36}}}},"statementMap":{"1":{"start":{"line":1,"column":0},"end":{"line":89,"column":13}},"2":{"start":{"line":3,"column":4},"end":{"line":78,"column":6}},"3":{"start":{"line":6,"column":8},"end":{"line":15,"column":21}},"4":{"start":{"line":17,"column":8},"end":{"line":22,"column":9}},"5":{"start":{"line":18,"column":12},"end":{"line":21,"column":14}},"6":{"start":{"line":24,"column":8},"end":{"line":39,"column":9}},"7":{"start":{"line":25,"column":12},"end":{"line":28,"column":13}},"8":{"start":{"line":26,"column":16},"end":{"line":26,"column":60}},"9":{"start":{"line":27,"column":16},"end":{"line":27,"column":23}},"10":{"start":{"line":29,"column":12},"end":{"line":38,"column":15}},"11":{"start":{"line":36,"column":59},"end":{"line":36,"column":102}},"12":{"start":{"line":37,"column":56},"end":{"line":37,"column":84}},"13":{"start":{"line":41,"column":8},"end":{"line":58,"column":9}},"14":{"start":{"line":43,"column":12},"end":{"line":57,"column":13}},"15":{"start":{"line":44,"column":16},"end":{"line":44,"column":43}},"16":{"start":{"line":48,"column":16},"end":{"line":48,"column":50}},"17":{"start":{"line":49,"column":16},"end":{"line":56,"column":17}},"18":{"start":{"line":51,"column":20},"end":{"line":55,"column":23}},"19":{"start":{"line":52,"column":24},"end":{"line":52,"column":75}},"20":{"start":{"line":53,"column":24},"end":{"line":53,"column":42}},"21":{"start":{"line":54,"column":24},"end":{"line":54,"column":39}},"22":{"start":{"line":60,"column":8},"end":{"line":62,"column":9}},"23":{"start":{"line":61,"column":12},"end":{"line":61,"column":51}},"24":{"start":{"line":64,"column":8},"end":{"line":68,"column":11}},"25":{"start":{"line":65,"column":12},"end":{"line":65,"column":35}},"26":{"start":{"line":66,"column":12},"end":{"line":66,"column":42}},"27":{"start":{"line":67,"column":12},"end":{"line":67,"column":44}},"28":{"start":{"line":77,"column":8},"end":{"line":77,"column":20}},"29":{"start":{"line":80,"column":4},"end":{"line":80,"column":28}},"30":{"start":{"line":81,"column":4},"end":{"line":87,"column":7}}},"branchMap":{"1":{"line":25,"type":"if","locations":[{"start":{"line":25,"column":12},"end":{"line":25,"column":12}},{"start":{"line":25,"column":12},"end":{"line":25,"column":12}}]},"2":{"line":25,"type":"binary-expr","locations":[{"start":{"line":25,"column":16},"end":{"line":25,"column":27}},{"start":{"line":25,"column":31},"end":{"line":25,"column":45}}]},"3":{"line":43,"type":"if","locations":[{"start":{"line":43,"column":12},"end":{"line":43,"column":12}},{"start":{"line":43,"column":12},"end":{"line":43,"column":12}}]},"4":{"line":49,"type":"if","locations":[{"start":{"line":49,"column":16},"end":{"line":49,"column":16}},{"start":{"line":49,"column":16},"end":{"line":49,"column":16}}]}}},"./public/javascripts/logout.js":{"path":"./public/javascripts/logout.js","s":{"1":1,"2":1,"3":3,"4":3,"5":2,"6":0,"7":0,"8":3,"9":0,"10":0,"11":0,"12":0,"13":3,"14":3,"15":1},"b":{},"f":{"1":1,"2":3,"3":2,"4":0,"5":0,"6":0,"7":0,"8":0},"fnMap":{"1":{"name":"(anonymous_1)","line":1,"loc":{"start":{"line":1,"column":1},"end":{"line":1,"column":15}}},"2":{"name":"(anonymous_2)","line":3,"loc":{"start":{"line":3,"column":18},"end":{"line":3,"column":36}}},"3":{"name":"(anonymous_3)","line":14,"loc":{"start":{"line":14,"column":19},"end":{"line":14,"column":35}}},"4":{"name":"(anonymous_4)","line":18,"loc":{"start":{"line":18,"column":27},"end":{"line":18,"column":57}}},"5":{"name":"(anonymous_5)","line":19,"loc":{"start":{"line":19,"column":25},"end":{"line":19,"column":54}}},"6":{"name":"responseOK","line":23,"loc":{"start":{"line":23,"column":8},"end":{"line":23,"column":34}}},"7":{"name":"(anonymous_7)","line":24,"loc":{"start":{"line":24,"column":37},"end":{"line":24,"column":55}}},"8":{"name":"responseFAILED","line":31,"loc":{"start":{"line":31,"column":8},"end":{"line":31,"column":56}}}},"statementMap":{"1":{"start":{"line":1,"column":0},"end":{"line":39,"column":13}},"2":{"start":{"line":3,"column":4},"end":{"line":35,"column":6}},"3":{"start":{"line":6,"column":8},"end":{"line":12,"column":21}},"4":{"start":{"line":14,"column":8},"end":{"line":21,"column":11}},"5":{"start":{"line":15,"column":12},"end":{"line":20,"column":15}},"6":{"start":{"line":18,"column":59},"end":{"line":18,"column":90}},"7":{"start":{"line":19,"column":56},"end":{"line":19,"column":84}},"8":{"start":{"line":23,"column":8},"end":{"line":29,"column":9}},"9":{"start":{"line":24,"column":12},"end":{"line":28,"column":15}},"10":{"start":{"line":25,"column":16},"end":{"line":25,"column":67}},"11":{"start":{"line":26,"column":16},"end":{"line":26,"column":34}},"12":{"start":{"line":27,"column":16},"end":{"line":27,"column":31}},"13":{"start":{"line":31,"column":8},"end":{"line":32,"column":9}},"14":{"start":{"line":34,"column":8},"end":{"line":34,"column":20}},"15":{"start":{"line":37,"column":4},"end":{"line":37,"column":26}}},"branchMap":{}},"./public/javascripts/main.js":{"path":"./public/javascripts/main.js","s":{"1":1},"b":{},"f":{"1":1},"fnMap":{"1":{"name":"(anonymous_1)","line":1,"loc":{"start":{"line":1,"column":1},"end":{"line":1,"column":15}}}},"statementMap":{"1":{"start":{"line":1,"column":0},"end":{"line":2,"column":13}}},"branchMap":{}},"./public/javascripts/templates.js":{"path":"./public/javascripts/templates.js","s":{"1":1,"2":1,"3":1,"4":0,"5":1,"6":0,"7":1,"8":0,"9":1,"10":0,"11":1,"12":0,"13":1,"14":1,"15":1,"16":1,"17":0,"18":1},"b":{},"f":{"1":1,"2":0,"3":0,"4":0,"5":0,"6":0,"7":1,"8":0},"fnMap":{"1":{"name":"(anonymous_1)","line":1,"loc":{"start":{"line":1,"column":1},"end":{"line":1,"column":11}}},"2":{"name":"body_0","line":1,"loc":{"start":{"line":1,"column":27},"end":{"line":1,"column":66}}},"3":{"name":"body_1","line":1,"loc":{"start":{"line":1,"column":1010},"end":{"line":1,"column":1049}}},"4":{"name":"body_2","line":1,"loc":{"start":{"line":1,"column":1429},"end":{"line":1,"column":1468}}},"5":{"name":"body_3","line":1,"loc":{"start":{"line":1,"column":1650},"end":{"line":1,"column":1689}}},"6":{"name":"body_4","line":1,"loc":{"start":{"line":1,"column":1745},"end":{"line":1,"column":1784}}},"7":{"name":"(anonymous_7)","line":2,"loc":{"start":{"line":2,"column":1},"end":{"line":2,"column":11}}},"8":{"name":"body_0","line":2,"loc":{"start":{"line":2,"column":42},"end":{"line":2,"column":66}}}},"statementMap":{"1":{"start":{"line":1,"column":0},"end":{"line":1,"column":1873}},"2":{"start":{"line":1,"column":12},"end":{"line":1,"column":42}},"3":{"start":{"line":1,"column":27},"end":{"line":1,"column":1025}},"4":{"start":{"line":1,"column":67},"end":{"line":1,"column":1024}},"5":{"start":{"line":1,"column":1010},"end":{"line":1,"column":1444}},"6":{"start":{"line":1,"column":1050},"end":{"line":1,"column":1443}},"7":{"start":{"line":1,"column":1429},"end":{"line":1,"column":1665}},"8":{"start":{"line":1,"column":1469},"end":{"line":1,"column":1664}},"9":{"start":{"line":1,"column":1650},"end":{"line":1,"column":1760}},"10":{"start":{"line":1,"column":1690},"end":{"line":1,"column":1759}},"11":{"start":{"line":1,"column":1745},"end":{"line":1,"column":1854}},"12":{"start":{"line":1,"column":1785},"end":{"line":1,"column":1853}},"13":{"start":{"line":1,"column":1854},"end":{"line":1,"column":1868}},"14":{"start":{"line":2,"column":0},"end":{"line":2,"column":1407}},"15":{"start":{"line":2,"column":12},"end":{"line":2,"column":42}},"16":{"start":{"line":2,"column":42},"end":{"line":2,"column":1388}},"17":{"start":{"line":2,"column":67},"end":{"line":2,"column":1387}},"18":{"start":{"line":2,"column":1388},"end":{"line":2,"column":1402}}},"branchMap":{}}}