<?xml version="1.0" ?>
<!DOCTYPE coverage SYSTEM "http://cobertura.sourceforge.net/xml/coverage-04.dtd">
<coverage lines-valid="265"  lines-covered="159"  line-rate="0.6"  branches-valid="92"  branches-covered="41"  branch-rate="0.4457"  timestamp="1371959293808" complexity="0" version="0.1">
<sources />
<packages>
	<package name="..public.javascripts"  line-rate="0.6735"  branch-rate="0.375" >
	<classes>
		<class name="login.js"  filename="./public/javascripts/login.js"  line-rate="0.6667000000000001"  branch-rate="0.375" >
		<methods>
			<method name="(anonymous_1)"  hits="37"  signature="()V" >
				<lines><line number="1"  hits="37" /></lines>
			</method>
			<method name="(anonymous_2)"  hits="222"  signature="()V" >
				<lines><line number="3"  hits="222" /></lines>
			</method>
			<method name="collectFormValues"  hits="148"  signature="()V" >
				<lines><line number="17"  hits="148" /></lines>
			</method>
			<method name="tryToLogin"  hits="148"  signature="()V" >
				<lines><line number="24"  hits="148" /></lines>
			</method>
			<method name="(anonymous_5)"  hits="37"  signature="()V" >
				<lines><line number="36"  hits="37" /></lines>
			</method>
			<method name="(anonymous_6)"  hits="37"  signature="()V" >
				<lines><line number="37"  hits="37" /></lines>
			</method>
			<method name="responseOK"  hits="0"  signature="()V" >
				<lines><line number="41"  hits="0" /></lines>
			</method>
			<method name="(anonymous_8)"  hits="0"  signature="()V" >
				<lines><line number="51"  hits="0" /></lines>
			</method>
			<method name="responseFAILED"  hits="37"  signature="()V" >
				<lines><line number="60"  hits="37" /></lines>
			</method>
			<method name="(anonymous_10)"  hits="148"  signature="()V" >
				<lines><line number="64"  hits="148" /></lines>
			</method>
		</methods>
		<lines>
			<line number="1"  hits="37"  branch="false" />
			<line number="3"  hits="37"  branch="false" />
			<line number="6"  hits="222"  branch="false" />
			<line number="17"  hits="222"  branch="false" />
			<line number="18"  hits="148"  branch="false" />
			<line number="24"  hits="222"  branch="false" />
			<line number="25"  hits="148"  branch="true"  condition-coverage="75% (3/4)" />
			<line number="26"  hits="0"  branch="false" />
			<line number="27"  hits="0"  branch="false" />
			<line number="29"  hits="148"  branch="false" />
			<line number="36"  hits="37"  branch="false" />
			<line number="37"  hits="37"  branch="false" />
			<line number="41"  hits="222"  branch="false" />
			<line number="43"  hits="0"  branch="true"  condition-coverage="0% (0/2)" />
			<line number="44"  hits="0"  branch="false" />
			<line number="48"  hits="0"  branch="false" />
			<line number="49"  hits="0"  branch="true"  condition-coverage="0% (0/2)" />
			<line number="51"  hits="0"  branch="false" />
			<line number="52"  hits="0"  branch="false" />
			<line number="53"  hits="0"  branch="false" />
			<line number="54"  hits="0"  branch="false" />
			<line number="60"  hits="222"  branch="false" />
			<line number="61"  hits="37"  branch="false" />
			<line number="64"  hits="222"  branch="false" />
			<line number="65"  hits="148"  branch="false" />
			<line number="66"  hits="148"  branch="false" />
			<line number="67"  hits="148"  branch="false" />
			<line number="77"  hits="222"  branch="false" />
			<line number="80"  hits="37"  branch="false" />
			<line number="81"  hits="37"  branch="false" />
		</lines>
		</class>
		<class name="logout.js"  filename="./public/javascripts/logout.js"  line-rate="0.6"  branch-rate="1" >
		<methods>
			<method name="(anonymous_1)"  hits="28"  signature="()V" >
				<lines><line number="1"  hits="28" /></lines>
			</method>
			<method name="(anonymous_2)"  hits="84"  signature="()V" >
				<lines><line number="3"  hits="84" /></lines>
			</method>
			<method name="(anonymous_3)"  hits="56"  signature="()V" >
				<lines><line number="14"  hits="56" /></lines>
			</method>
			<method name="(anonymous_4)"  hits="0"  signature="()V" >
				<lines><line number="18"  hits="0" /></lines>
			</method>
			<method name="(anonymous_5)"  hits="0"  signature="()V" >
				<lines><line number="19"  hits="0" /></lines>
			</method>
			<method name="responseOK"  hits="0"  signature="()V" >
				<lines><line number="23"  hits="0" /></lines>
			</method>
			<method name="(anonymous_7)"  hits="0"  signature="()V" >
				<lines><line number="24"  hits="0" /></lines>
			</method>
			<method name="responseFAILED"  hits="0"  signature="()V" >
				<lines><line number="31"  hits="0" /></lines>
			</method>
		</methods>
		<lines>
			<line number="1"  hits="28"  branch="false" />
			<line number="3"  hits="28"  branch="false" />
			<line number="6"  hits="84"  branch="false" />
			<line number="14"  hits="84"  branch="false" />
			<line number="15"  hits="56"  branch="false" />
			<line number="18"  hits="0"  branch="false" />
			<line number="19"  hits="0"  branch="false" />
			<line number="23"  hits="84"  branch="false" />
			<line number="24"  hits="0"  branch="false" />
			<line number="25"  hits="0"  branch="false" />
			<line number="26"  hits="0"  branch="false" />
			<line number="27"  hits="0"  branch="false" />
			<line number="31"  hits="84"  branch="false" />
			<line number="34"  hits="84"  branch="false" />
			<line number="37"  hits="28"  branch="false" />
		</lines>
		</class>
		<class name="main.js"  filename="./public/javascripts/main.js"  line-rate="1"  branch-rate="1" >
		<methods>
			<method name="(anonymous_1)"  hits="28"  signature="()V" >
				<lines><line number="1"  hits="28" /></lines>
			</method>
		</methods>
		<lines>
			<line number="1"  hits="28"  branch="false" />
		</lines>
		</class>
		<class name="templates.js"  filename="./public/javascripts/templates.js"  line-rate="1"  branch-rate="1" >
		<methods>
			<method name="(anonymous_1)"  hits="37"  signature="()V" >
				<lines><line number="1"  hits="37" /></lines>
			</method>
			<method name="body_0"  hits="0"  signature="()V" >
				<lines><line number="1"  hits="0" /></lines>
			</method>
			<method name="body_1"  hits="0"  signature="()V" >
				<lines><line number="1"  hits="0" /></lines>
			</method>
			<method name="body_2"  hits="0"  signature="()V" >
				<lines><line number="1"  hits="0" /></lines>
			</method>
			<method name="body_3"  hits="0"  signature="()V" >
				<lines><line number="1"  hits="0" /></lines>
			</method>
			<method name="body_4"  hits="0"  signature="()V" >
				<lines><line number="1"  hits="0" /></lines>
			</method>
			<method name="(anonymous_7)"  hits="37"  signature="()V" >
				<lines><line number="2"  hits="37" /></lines>
			</method>
			<method name="body_0"  hits="0"  signature="()V" >
				<lines><line number="2"  hits="0" /></lines>
			</method>
			<method name="(anonymous_9)"  hits="37"  signature="()V" >
				<lines><line number="3"  hits="37" /></lines>
			</method>
			<method name="body_0"  hits="0"  signature="()V" >
				<lines><line number="3"  hits="0" /></lines>
			</method>
		</methods>
		<lines>
			<line number="1"  hits="37"  branch="false" />
			<line number="2"  hits="37"  branch="false" />
			<line number="3"  hits="37"  branch="false" />
		</lines>
		</class>
	</classes>
	</package>
	<package name="Users.trostler.baseapp.routes"  line-rate="0.2889"  branch-rate="0.15789999999999998" >
	<classes>
		<class name="user.js"  filename="/Users/trostler/baseapp/routes/user.js"  line-rate="0.2889"  branch-rate="0.15789999999999998" >
		<methods>
			<method name="(anonymous_1)"  hits="0"  signature="()V" >
				<lines><line number="4"  hits="0" /></lines>
			</method>
			<method name="(anonymous_2)"  hits="0"  signature="()V" >
				<lines><line number="5"  hits="0" /></lines>
			</method>
			<method name="(anonymous_3)"  hits="0"  signature="()V" >
				<lines><line number="6"  hits="0" /></lines>
			</method>
			<method name="(anonymous_4)"  hits="0"  signature="()V" >
				<lines><line number="8"  hits="0" /></lines>
			</method>
			<method name="(anonymous_5)"  hits="0"  signature="()V" >
				<lines><line number="18"  hits="0" /></lines>
			</method>
			<method name="(anonymous_6)"  hits="0"  signature="()V" >
				<lines><line number="19"  hits="0" /></lines>
			</method>
			<method name="(anonymous_7)"  hits="0"  signature="()V" >
				<lines><line number="25"  hits="0" /></lines>
			</method>
			<method name="(anonymous_8)"  hits="0"  signature="()V" >
				<lines><line number="26"  hits="0" /></lines>
			</method>
			<method name="(anonymous_9)"  hits="0"  signature="()V" >
				<lines><line number="30"  hits="0" /></lines>
			</method>
			<method name="(anonymous_10)"  hits="0"  signature="()V" >
				<lines><line number="40"  hits="0" /></lines>
			</method>
			<method name="(anonymous_11)"  hits="0"  signature="()V" >
				<lines><line number="41"  hits="0" /></lines>
			</method>
			<method name="(anonymous_12)"  hits="1"  signature="()V" >
				<lines><line number="49"  hits="1" /></lines>
			</method>
			<method name="(anonymous_13)"  hits="1"  signature="()V" >
				<lines><line number="51"  hits="1" /></lines>
			</method>
			<method name="(anonymous_14)"  hits="1"  signature="()V" >
				<lines><line number="63"  hits="1" /></lines>
			</method>
			<method name="(anonymous_15)"  hits="1"  signature="()V" >
				<lines><line number="64"  hits="1" /></lines>
			</method>
			<method name="(anonymous_16)"  hits="1"  signature="()V" >
				<lines><line number="69"  hits="1" /></lines>
			</method>
			<method name="(anonymous_17)"  hits="1"  signature="()V" >
				<lines><line number="71"  hits="1" /></lines>
			</method>
			<method name="(anonymous_18)"  hits="1"  signature="()V" >
				<lines><line number="75"  hits="1" /></lines>
			</method>
			<method name="(anonymous_19)"  hits="1"  signature="()V" >
				<lines><line number="79"  hits="1" /></lines>
			</method>
			<method name="(anonymous_20)"  hits="0"  signature="()V" >
				<lines><line number="89"  hits="0" /></lines>
			</method>
			<method name="(anonymous_21)"  hits="0"  signature="()V" >
				<lines><line number="90"  hits="0" /></lines>
			</method>
			<method name="(anonymous_22)"  hits="0"  signature="()V" >
				<lines><line number="94"  hits="0" /></lines>
			</method>
			<method name="(anonymous_23)"  hits="0"  signature="()V" >
				<lines><line number="96"  hits="0" /></lines>
			</method>
			<method name="(anonymous_24)"  hits="0"  signature="()V" >
				<lines><line number="99"  hits="0" /></lines>
			</method>
			<method name="(anonymous_25)"  hits="0"  signature="()V" >
				<lines><line number="119"  hits="0" /></lines>
			</method>
			<method name="(anonymous_26)"  hits="0"  signature="()V" >
				<lines><line number="123"  hits="0" /></lines>
			</method>
			<method name="(anonymous_27)"  hits="0"  signature="()V" >
				<lines><line number="125"  hits="0" /></lines>
			</method>
			<method name="(anonymous_28)"  hits="0"  signature="()V" >
				<lines><line number="141"  hits="0" /></lines>
			</method>
			<method name="(anonymous_29)"  hits="0"  signature="()V" >
				<lines><line number="142"  hits="0" /></lines>
			</method>
			<method name="(anonymous_30)"  hits="0"  signature="()V" >
				<lines><line number="153"  hits="0" /></lines>
			</method>
			<method name="(anonymous_31)"  hits="0"  signature="()V" >
				<lines><line number="154"  hits="0" /></lines>
			</method>
			<method name="(anonymous_32)"  hits="0"  signature="()V" >
				<lines><line number="161"  hits="0" /></lines>
			</method>
			<method name="(anonymous_33)"  hits="0"  signature="()V" >
				<lines><line number="162"  hits="0" /></lines>
			</method>
			<method name="(anonymous_34)"  hits="0"  signature="()V" >
				<lines><line number="164"  hits="0" /></lines>
			</method>
			<method name="(anonymous_35)"  hits="0"  signature="()V" >
				<lines><line number="167"  hits="0" /></lines>
			</method>
			<method name="(anonymous_36)"  hits="0"  signature="()V" >
				<lines><line number="173"  hits="0" /></lines>
			</method>
		</methods>
		<lines>
			<line number="4"  hits="1"  branch="false" />
			<line number="5"  hits="0"  branch="false" />
			<line number="6"  hits="0"  branch="false" />
			<line number="7"  hits="0"  branch="true"  condition-coverage="0% (0/2)" />
			<line number="8"  hits="0"  branch="false" />
			<line number="9"  hits="0"  branch="false" />
			<line number="10"  hits="0"  branch="false" />
			<line number="13"  hits="0"  branch="false" />
			<line number="18"  hits="0"  branch="false" />
			<line number="19"  hits="0"  branch="false" />
			<line number="20"  hits="0"  branch="false" />
			<line number="21"  hits="0"  branch="false" />
			<line number="25"  hits="0"  branch="false" />
			<line number="26"  hits="0"  branch="false" />
			<line number="27"  hits="0"  branch="true"  condition-coverage="0% (0/4)" />
			<line number="29"  hits="0"  branch="false" />
			<line number="30"  hits="0"  branch="false" />
			<line number="31"  hits="0"  branch="false" />
			<line number="32"  hits="0"  branch="false" />
			<line number="35"  hits="0"  branch="false" />
			<line number="40"  hits="0"  branch="false" />
			<line number="41"  hits="0"  branch="false" />
			<line number="42"  hits="0"  branch="false" />
			<line number="47"  hits="1"  branch="false" />
			<line number="49"  hits="1"  branch="false" />
			<line number="50"  hits="1"  branch="false" />
			<line number="51"  hits="1"  branch="false" />
			<line number="52"  hits="1"  branch="true"  condition-coverage="75% (3/4)" />
			<line number="54"  hits="0"  branch="false" />
			<line number="57"  hits="1"  branch="false" />
			<line number="58"  hits="1"  branch="false" />
			<line number="59"  hits="1"  branch="false" />
			<line number="63"  hits="1"  branch="false" />
			<line number="64"  hits="1"  branch="false" />
			<line number="65"  hits="1"  branch="true"  condition-coverage="100% (2/2)" />
			<line number="69"  hits="1"  branch="false" />
			<line number="71"  hits="1"  branch="false" />
			<line number="72"  hits="1"  branch="true"  condition-coverage="50% (1/2)" />
			<line number="73"  hits="0"  branch="false" />
			<line number="75"  hits="1"  branch="false" />
			<line number="76"  hits="1"  branch="false" />
			<line number="77"  hits="1"  branch="false" />
			<line number="78"  hits="1"  branch="false" />
			<line number="79"  hits="1"  branch="false" />
			<line number="80"  hits="1"  branch="false" />
			<line number="89"  hits="1"  branch="false" />
			<line number="90"  hits="0"  branch="false" />
			<line number="91"  hits="0"  branch="true"  condition-coverage="0% (0/2)" />
			<line number="92"  hits="0"  branch="false" />
			<line number="94"  hits="0"  branch="false" />
			<line number="95"  hits="0"  branch="true"  condition-coverage="0% (0/2)" />
			<line number="96"  hits="0"  branch="false" />
			<line number="97"  hits="0"  branch="true"  condition-coverage="0% (0/2)" />
			<line number="98"  hits="0"  branch="true"  condition-coverage="0% (0/2)" />
			<line number="99"  hits="0"  branch="false" />
			<line number="100"  hits="0"  branch="false" />
			<line number="103"  hits="0"  branch="false" />
			<line number="106"  hits="0"  branch="false" />
			<line number="110"  hits="0"  branch="false" />
			<line number="119"  hits="1"  branch="false" />
			<line number="120"  hits="0"  branch="true"  condition-coverage="0% (0/2)" />
			<line number="121"  hits="0"  branch="false" />
			<line number="123"  hits="0"  branch="false" />
			<line number="124"  hits="0"  branch="true"  condition-coverage="0% (0/4)" />
			<line number="125"  hits="0"  branch="false" />
			<line number="126"  hits="0"  branch="true"  condition-coverage="0% (0/4)" />
			<line number="127"  hits="0"  branch="false" />
			<line number="129"  hits="0"  branch="false" />
			<line number="133"  hits="0"  branch="false" />
			<line number="141"  hits="1"  branch="false" />
			<line number="142"  hits="0"  branch="false" />
			<line number="143"  hits="0"  branch="true"  condition-coverage="0% (0/2)" />
			<line number="144"  hits="0"  branch="false" />
			<line number="146"  hits="0"  branch="false" />
			<line number="153"  hits="1"  branch="false" />
			<line number="154"  hits="0"  branch="false" />
			<line number="155"  hits="0"  branch="false" />
			<line number="161"  hits="1"  branch="false" />
			<line number="162"  hits="0"  branch="false" />
			<line number="163"  hits="0"  branch="true"  condition-coverage="0% (0/2)" />
			<line number="164"  hits="0"  branch="false" />
			<line number="165"  hits="0"  branch="true"  condition-coverage="0% (0/2)" />
			<line number="166"  hits="0"  branch="false" />
			<line number="168"  hits="0"  branch="false" />
			<line number="171"  hits="0"  branch="false" />
			<line number="172"  hits="0"  branch="false" />
			<line number="173"  hits="0"  branch="false" />
			<line number="174"  hits="0"  branch="false" />
			<line number="176"  hits="0"  branch="false" />
			<line number="179"  hits="0"  branch="false" />
		</lines>
		</class>
	</classes>
	</package>
	<package name="Users.trostler.qcon.6.dashr.public.javascripts"  line-rate="0.7940999999999999"  branch-rate="0.625" >
	<classes>
		<class name="login.js"  filename="/Users/trostler/qcon/6/dashr/public/javascripts/login.js"  line-rate="0.7667"  branch-rate="0.625" >
		<methods>
			<method name="(anonymous_1)"  hits="10"  signature="()V" >
				<lines><line number="1"  hits="10" /></lines>
			</method>
			<method name="(anonymous_2)"  hits="20"  signature="()V" >
				<lines><line number="3"  hits="20" /></lines>
			</method>
			<method name="collectFormValues"  hits="9"  signature="()V" >
				<lines><line number="17"  hits="9" /></lines>
			</method>
			<method name="tryToLogin"  hits="9"  signature="()V" >
				<lines><line number="24"  hits="9" /></lines>
			</method>
			<method name="(anonymous_5)"  hits="3"  signature="()V" >
				<lines><line number="36"  hits="3" /></lines>
			</method>
			<method name="(anonymous_6)"  hits="0"  signature="()V" >
				<lines><line number="37"  hits="0" /></lines>
			</method>
			<method name="responseOK"  hits="3"  signature="()V" >
				<lines><line number="41"  hits="3" /></lines>
			</method>
			<method name="(anonymous_8)"  hits="0"  signature="()V" >
				<lines><line number="51"  hits="0" /></lines>
			</method>
			<method name="responseFAILED"  hits="9"  signature="()V" >
				<lines><line number="60"  hits="9" /></lines>
			</method>
			<method name="(anonymous_10)"  hits="9"  signature="()V" >
				<lines><line number="64"  hits="9" /></lines>
			</method>
		</methods>
		<lines>
			<line number="1"  hits="10"  branch="false" />
			<line number="3"  hits="10"  branch="false" />
			<line number="6"  hits="20"  branch="false" />
			<line number="17"  hits="20"  branch="false" />
			<line number="18"  hits="9"  branch="false" />
			<line number="24"  hits="20"  branch="false" />
			<line number="25"  hits="9"  branch="true"  condition-coverage="100% (4/4)" />
			<line number="26"  hits="6"  branch="false" />
			<line number="27"  hits="6"  branch="false" />
			<line number="29"  hits="3"  branch="false" />
			<line number="36"  hits="3"  branch="false" />
			<line number="37"  hits="0"  branch="false" />
			<line number="41"  hits="20"  branch="false" />
			<line number="43"  hits="3"  branch="true"  condition-coverage="50% (1/2)" />
			<line number="44"  hits="3"  branch="false" />
			<line number="48"  hits="0"  branch="false" />
			<line number="49"  hits="0"  branch="true"  condition-coverage="0% (0/2)" />
			<line number="51"  hits="0"  branch="false" />
			<line number="52"  hits="0"  branch="false" />
			<line number="53"  hits="0"  branch="false" />
			<line number="54"  hits="0"  branch="false" />
			<line number="60"  hits="20"  branch="false" />
			<line number="61"  hits="9"  branch="false" />
			<line number="64"  hits="20"  branch="false" />
			<line number="65"  hits="9"  branch="false" />
			<line number="66"  hits="9"  branch="false" />
			<line number="67"  hits="9"  branch="false" />
			<line number="77"  hits="20"  branch="false" />
			<line number="80"  hits="10"  branch="false" />
			<line number="81"  hits="10"  branch="false" />
		</lines>
		</class>
		<class name="main.js"  filename="/Users/trostler/qcon/6/dashr/public/javascripts/main.js"  line-rate="1"  branch-rate="1" >
		<methods>
			<method name="(anonymous_1)"  hits="10"  signature="()V" >
				<lines><line number="1"  hits="10" /></lines>
			</method>
		</methods>
		<lines>
			<line number="1"  hits="10"  branch="false" />
		</lines>
		</class>
		<class name="templates.js"  filename="/Users/trostler/qcon/6/dashr/public/javascripts/templates.js"  line-rate="1"  branch-rate="1" >
		<methods>
			<method name="(anonymous_1)"  hits="10"  signature="()V" >
				<lines><line number="1"  hits="10" /></lines>
			</method>
			<method name="body_0"  hits="0"  signature="()V" >
				<lines><line number="1"  hits="0" /></lines>
			</method>
			<method name="body_1"  hits="0"  signature="()V" >
				<lines><line number="1"  hits="0" /></lines>
			</method>
			<method name="body_2"  hits="0"  signature="()V" >
				<lines><line number="1"  hits="0" /></lines>
			</method>
			<method name="body_3"  hits="0"  signature="()V" >
				<lines><line number="1"  hits="0" /></lines>
			</method>
			<method name="body_4"  hits="0"  signature="()V" >
				<lines><line number="1"  hits="0" /></lines>
			</method>
			<method name="(anonymous_7)"  hits="10"  signature="()V" >
				<lines><line number="2"  hits="10" /></lines>
			</method>
			<method name="body_0"  hits="0"  signature="()V" >
				<lines><line number="2"  hits="0" /></lines>
			</method>
			<method name="(anonymous_9)"  hits="10"  signature="()V" >
				<lines><line number="3"  hits="10" /></lines>
			</method>
			<method name="body_0"  hits="0"  signature="()V" >
				<lines><line number="3"  hits="0" /></lines>
			</method>
		</methods>
		<lines>
			<line number="1"  hits="10"  branch="false" />
			<line number="2"  hits="10"  branch="false" />
			<line number="3"  hits="10"  branch="false" />
		</lines>
		</class>
	</classes>
	</package>
	<package name="Users.trostler.qcon.6.dashr.routes"  line-rate="0.7935"  branch-rate="0.7105" >
	<classes>
		<class name="index.js"  filename="/Users/trostler/qcon/6/dashr/routes/index.js"  line-rate="1"  branch-rate="1" >
		<methods>
			<method name="(anonymous_1)"  hits="10"  signature="()V" >
				<lines><line number="6"  hits="10" /></lines>
			</method>
		</methods>
		<lines>
			<line number="6"  hits="4"  branch="false" />
			<line number="7"  hits="10"  branch="false" />
		</lines>
		</class>
		<class name="user.js"  filename="/Users/trostler/qcon/6/dashr/routes/user.js"  line-rate="0.7889"  branch-rate="0.7105" >
		<methods>
			<method name="(anonymous_1)"  hits="4"  signature="()V" >
				<lines><line number="4"  hits="4" /></lines>
			</method>
			<method name="(anonymous_2)"  hits="70"  signature="()V" >
				<lines><line number="5"  hits="70" /></lines>
			</method>
			<method name="(anonymous_3)"  hits="70"  signature="()V" >
				<lines><line number="6"  hits="70" /></lines>
			</method>
			<method name="(anonymous_4)"  hits="3"  signature="()V" >
				<lines><line number="8"  hits="3" /></lines>
			</method>
			<method name="(anonymous_5)"  hits="1"  signature="()V" >
				<lines><line number="18"  hits="1" /></lines>
			</method>
			<method name="(anonymous_6)"  hits="1"  signature="()V" >
				<lines><line number="19"  hits="1" /></lines>
			</method>
			<method name="(anonymous_7)"  hits="4"  signature="()V" >
				<lines><line number="25"  hits="4" /></lines>
			</method>
			<method name="(anonymous_8)"  hits="4"  signature="()V" >
				<lines><line number="26"  hits="4" /></lines>
			</method>
			<method name="(anonymous_9)"  hits="1"  signature="()V" >
				<lines><line number="30"  hits="1" /></lines>
			</method>
			<method name="(anonymous_10)"  hits="1"  signature="()V" >
				<lines><line number="40"  hits="1" /></lines>
			</method>
			<method name="(anonymous_11)"  hits="1"  signature="()V" >
				<lines><line number="41"  hits="1" /></lines>
			</method>
			<method name="(anonymous_12)"  hits="2"  signature="()V" >
				<lines><line number="49"  hits="2" /></lines>
			</method>
			<method name="(anonymous_13)"  hits="2"  signature="()V" >
				<lines><line number="51"  hits="2" /></lines>
			</method>
			<method name="(anonymous_14)"  hits="5"  signature="()V" >
				<lines><line number="63"  hits="5" /></lines>
			</method>
			<method name="(anonymous_15)"  hits="5"  signature="()V" >
				<lines><line number="64"  hits="5" /></lines>
			</method>
			<method name="(anonymous_16)"  hits="1"  signature="()V" >
				<lines><line number="69"  hits="1" /></lines>
			</method>
			<method name="(anonymous_17)"  hits="1"  signature="()V" >
				<lines><line number="71"  hits="1" /></lines>
			</method>
			<method name="(anonymous_18)"  hits="1"  signature="()V" >
				<lines><line number="75"  hits="1" /></lines>
			</method>
			<method name="(anonymous_19)"  hits="1"  signature="()V" >
				<lines><line number="79"  hits="1" /></lines>
			</method>
			<method name="(anonymous_20)"  hits="4"  signature="()V" >
				<lines><line number="89"  hits="4" /></lines>
			</method>
			<method name="(anonymous_21)"  hits="4"  signature="()V" >
				<lines><line number="90"  hits="4" /></lines>
			</method>
			<method name="(anonymous_22)"  hits="1"  signature="()V" >
				<lines><line number="94"  hits="1" /></lines>
			</method>
			<method name="(anonymous_23)"  hits="1"  signature="()V" >
				<lines><line number="96"  hits="1" /></lines>
			</method>
			<method name="(anonymous_24)"  hits="1"  signature="()V" >
				<lines><line number="99"  hits="1" /></lines>
			</method>
			<method name="(anonymous_25)"  hits="71"  signature="()V" >
				<lines><line number="119"  hits="71" /></lines>
			</method>
			<method name="(anonymous_26)"  hits="4"  signature="()V" >
				<lines><line number="123"  hits="4" /></lines>
			</method>
			<method name="(anonymous_27)"  hits="4"  signature="()V" >
				<lines><line number="125"  hits="4" /></lines>
			</method>
			<method name="(anonymous_28)"  hits="1"  signature="()V" >
				<lines><line number="141"  hits="1" /></lines>
			</method>
			<method name="(anonymous_29)"  hits="1"  signature="()V" >
				<lines><line number="142"  hits="1" /></lines>
			</method>
			<method name="(anonymous_30)"  hits="4"  signature="()V" >
				<lines><line number="153"  hits="4" /></lines>
			</method>
			<method name="(anonymous_31)"  hits="4"  signature="()V" >
				<lines><line number="154"  hits="4" /></lines>
			</method>
			<method name="(anonymous_32)"  hits="0"  signature="()V" >
				<lines><line number="161"  hits="0" /></lines>
			</method>
			<method name="(anonymous_33)"  hits="0"  signature="()V" >
				<lines><line number="162"  hits="0" /></lines>
			</method>
			<method name="(anonymous_34)"  hits="0"  signature="()V" >
				<lines><line number="164"  hits="0" /></lines>
			</method>
			<method name="(anonymous_35)"  hits="0"  signature="()V" >
				<lines><line number="167"  hits="0" /></lines>
			</method>
			<method name="(anonymous_36)"  hits="0"  signature="()V" >
				<lines><line number="173"  hits="0" /></lines>
			</method>
		</methods>
		<lines>
			<line number="4"  hits="4"  branch="false" />
			<line number="5"  hits="4"  branch="false" />
			<line number="6"  hits="70"  branch="false" />
			<line number="7"  hits="70"  branch="true"  condition-coverage="100% (2/2)" />
			<line number="8"  hits="3"  branch="false" />
			<line number="9"  hits="3"  branch="false" />
			<line number="10"  hits="3"  branch="false" />
			<line number="13"  hits="67"  branch="false" />
			<line number="18"  hits="4"  branch="false" />
			<line number="19"  hits="1"  branch="false" />
			<line number="20"  hits="1"  branch="false" />
			<line number="21"  hits="1"  branch="false" />
			<line number="25"  hits="4"  branch="false" />
			<line number="26"  hits="4"  branch="false" />
			<line number="27"  hits="4"  branch="true"  condition-coverage="100% (4/4)" />
			<line number="29"  hits="1"  branch="false" />
			<line number="30"  hits="1"  branch="false" />
			<line number="31"  hits="1"  branch="false" />
			<line number="32"  hits="1"  branch="false" />
			<line number="35"  hits="3"  branch="false" />
			<line number="40"  hits="4"  branch="false" />
			<line number="41"  hits="1"  branch="false" />
			<line number="42"  hits="1"  branch="false" />
			<line number="47"  hits="4"  branch="false" />
			<line number="49"  hits="4"  branch="false" />
			<line number="50"  hits="2"  branch="false" />
			<line number="51"  hits="2"  branch="false" />
			<line number="52"  hits="2"  branch="true"  condition-coverage="100% (4/4)" />
			<line number="54"  hits="1"  branch="false" />
			<line number="57"  hits="2"  branch="false" />
			<line number="58"  hits="2"  branch="false" />
			<line number="59"  hits="2"  branch="false" />
			<line number="63"  hits="4"  branch="false" />
			<line number="64"  hits="5"  branch="false" />
			<line number="65"  hits="5"  branch="true"  condition-coverage="100% (2/2)" />
			<line number="69"  hits="4"  branch="false" />
			<line number="71"  hits="1"  branch="false" />
			<line number="72"  hits="1"  branch="true"  condition-coverage="50% (1/2)" />
			<line number="73"  hits="0"  branch="false" />
			<line number="75"  hits="1"  branch="false" />
			<line number="76"  hits="1"  branch="false" />
			<line number="77"  hits="1"  branch="false" />
			<line number="78"  hits="1"  branch="false" />
			<line number="79"  hits="1"  branch="false" />
			<line number="80"  hits="1"  branch="false" />
			<line number="89"  hits="4"  branch="false" />
			<line number="90"  hits="4"  branch="false" />
			<line number="91"  hits="4"  branch="true"  condition-coverage="100% (2/2)" />
			<line number="92"  hits="3"  branch="false" />
			<line number="94"  hits="1"  branch="false" />
			<line number="95"  hits="1"  branch="true"  condition-coverage="50% (1/2)" />
			<line number="96"  hits="1"  branch="false" />
			<line number="97"  hits="1"  branch="true"  condition-coverage="50% (1/2)" />
			<line number="98"  hits="1"  branch="true"  condition-coverage="50% (1/2)" />
			<line number="99"  hits="1"  branch="false" />
			<line number="100"  hits="1"  branch="false" />
			<line number="103"  hits="0"  branch="false" />
			<line number="106"  hits="0"  branch="false" />
			<line number="110"  hits="0"  branch="false" />
			<line number="119"  hits="4"  branch="false" />
			<line number="120"  hits="71"  branch="true"  condition-coverage="100% (2/2)" />
			<line number="121"  hits="67"  branch="false" />
			<line number="123"  hits="4"  branch="false" />
			<line number="124"  hits="4"  branch="true"  condition-coverage="75% (3/4)" />
			<line number="125"  hits="4"  branch="false" />
			<line number="126"  hits="4"  branch="true"  condition-coverage="75% (3/4)" />
			<line number="127"  hits="4"  branch="false" />
			<line number="129"  hits="0"  branch="false" />
			<line number="133"  hits="0"  branch="false" />
			<line number="141"  hits="4"  branch="false" />
			<line number="142"  hits="1"  branch="false" />
			<line number="143"  hits="1"  branch="true"  condition-coverage="50% (1/2)" />
			<line number="144"  hits="0"  branch="false" />
			<line number="146"  hits="1"  branch="false" />
			<line number="153"  hits="4"  branch="false" />
			<line number="154"  hits="4"  branch="false" />
			<line number="155"  hits="4"  branch="false" />
			<line number="161"  hits="4"  branch="false" />
			<line number="162"  hits="0"  branch="false" />
			<line number="163"  hits="0"  branch="true"  condition-coverage="0% (0/2)" />
			<line number="164"  hits="0"  branch="false" />
			<line number="165"  hits="0"  branch="true"  condition-coverage="0% (0/2)" />
			<line number="166"  hits="0"  branch="false" />
			<line number="168"  hits="0"  branch="false" />
			<line number="171"  hits="0"  branch="false" />
			<line number="172"  hits="0"  branch="false" />
			<line number="173"  hits="0"  branch="false" />
			<line number="174"  hits="0"  branch="false" />
			<line number="176"  hits="0"  branch="false" />
			<line number="179"  hits="0"  branch="false" />
		</lines>
		</class>
	</classes>
	</package>
</packages>
</coverage>
