TN:
SF:./public/javascripts/login.js
FN:1,(anonymous_1)
FN:3,(anonymous_2)
FN:17,collectFormValues
FN:24,tryToLogin
FN:36,(anonymous_5)
FN:37,(anonymous_6)
FN:41,responseOK
FN:51,(anonymous_8)
FN:60,responseFAILED
FN:64,(anonymous_10)
FNDA:1,(anonymous_1)
FNDA:6,(anonymous_2)
FNDA:4,collectFormValues
FNDA:4,tryToLogin
FNDA:1,(anonymous_5)
FNDA:1,(anonymous_6)
FNDA:0,responseOK
FNDA:0,(anonymous_8)
FNDA:1,responseFAILED
FNDA:4,(anonymous_10)
DA:1,1
DA:3,1
DA:6,6
DA:17,6
DA:18,4
DA:24,6
DA:25,4
DA:26,0
DA:27,0
DA:29,4
DA:36,1
DA:37,1
DA:41,6
DA:43,0
DA:44,0
DA:48,0
DA:49,0
DA:51,0
DA:52,0
DA:53,0
DA:54,0
DA:60,6
DA:61,1
DA:64,6
DA:65,4
DA:66,4
DA:67,4
DA:77,6
DA:80,1
DA:81,1
BRDA:25,1,0,0
BRDA:25,1,1,4
BRDA:25,2,0,4
BRDA:25,2,1,4
BRDA:43,3,0,0
BRDA:43,3,1,0
BRDA:49,4,0,0
BRDA:49,4,1,0
end_of_record
TN:
SF:./public/javascripts/logout.js
FN:1,(anonymous_1)
FN:3,(anonymous_2)
FN:14,(anonymous_3)
FN:18,(anonymous_4)
FN:19,(anonymous_5)
FN:23,responseOK
FN:24,(anonymous_7)
FN:31,responseFAILED
FNDA:1,(anonymous_1)
FNDA:3,(anonymous_2)
FNDA:2,(anonymous_3)
FNDA:0,(anonymous_4)
FNDA:0,(anonymous_5)
FNDA:0,responseOK
FNDA:0,(anonymous_7)
FNDA:0,responseFAILED
DA:1,1
DA:3,1
DA:6,3
DA:14,3
DA:15,2
DA:18,0
DA:19,0
DA:23,3
DA:24,0
DA:25,0
DA:26,0
DA:27,0
DA:31,3
DA:34,3
DA:37,1
end_of_record
TN:
SF:./public/javascripts/main.js
FN:1,(anonymous_1)
FNDA:1,(anonymous_1)
DA:1,1
end_of_record
TN:
SF:./public/javascripts/templates.js
FN:1,(anonymous_1)
FN:1,body_0
FN:1,body_1
FN:1,body_2
FN:1,body_3
FN:1,body_4
FN:2,(anonymous_7)
FN:2,body_0
FN:3,(anonymous_9)
FN:3,body_0
FNDA:1,(anonymous_1)
FNDA:0,body_0
FNDA:0,body_1
FNDA:0,body_2
FNDA:0,body_3
FNDA:0,body_4
FNDA:1,(anonymous_7)
FNDA:0,body_0
FNDA:1,(anonymous_9)
FNDA:0,body_0
DA:1,1
DA:2,1
DA:3,1
end_of_record
