{"/home/steven/node-projects/baseapp/routes/user.js":{"path":"/home/steven/node-projects/baseapp/routes/user.js","s":{"1":1,"2":0,"3":0,"4":0,"5":0,"6":0,"7":0,"8":0,"9":0,"10":0,"11":0,"12":0,"13":0,"14":0,"15":0,"16":0,"17":0,"18":0,"19":0,"20":0,"21":0,"22":0,"23":0,"24":1,"25":1,"26":3,"27":3,"28":3,"29":0,"30":3,"31":3,"32":3,"33":1,"34":5,"35":5,"36":1,"37":4,"38":4,"39":1,"40":3,"41":3,"42":3,"43":3,"44":3,"45":3,"46":1,"47":1,"48":1,"49":0,"50":1,"51":1,"52":1,"53":1,"54":1,"55":1,"56":1,"57":0,"58":0,"59":0,"60":1,"61":0,"62":0,"63":0,"64":0,"65":0,"66":0,"67":0,"68":0,"69":0,"70":1,"71":0,"72":0,"73":0,"74":0,"75":1,"76":0,"77":0,"78":1,"79":0,"80":0,"81":0,"82":0,"83":0,"84":0,"85":0,"86":0,"87":0,"88":0,"89":0,"90":0,"91":0},"b":{"1":[0,0],"2":[0,0],"3":[0,0],"4":[0,3],"5":[3,3],"6":[5,5],"7":[1,3],"8":[0,1],"9":[1,0],"10":[1,0],"11":[1,0],"12":[0,0],"13":[0,0],"14":[0,0],"15":[0,0],"16":[0,0],"17":[0,0],"18":[0,0],"19":[0,0]},"f":{"1":0,"2":0,"3":0,"4":0,"5":0,"6":0,"7":0,"8":0,"9":0,"10":0,"11":0,"12":3,"13":3,"14":5,"15":5,"16":4,"17":4,"18":3,"19":3,"20":1,"21":1,"22":1,"23":1,"24":1,"25":0,"26":0,"27":0,"28":0,"29":0,"30":0,"31":0,"32":0,"33":0,"34":0,"35":0,"36":0},"fnMap":{"1":{"name":"(anonymous_1)","line":4,"loc":{"start":{"line":4,"column":16},"end":{"line":4,"column":30}}},"2":{"name":"(anonymous_2)","line":5,"loc":{"start":{"line":5,"column":17},"end":{"line":5,"column":42}}},"3":{"name":"(anonymous_3)","line":6,"loc":{"start":{"line":6,"column":58},"end":{"line":6,"column":72}}},"4":{"name":"(anonymous_4)","line":8,"loc":{"start":{"line":8,"column":56},"end":{"line":8,"column":74}}},"5":{"name":"(anonymous_5)","line":18,"loc":{"start":{"line":18,"column":28},"end":{"line":18,"column":53}}},"6":{"name":"(anonymous_6)","line":19,"loc":{"start":{"line":19,"column":58},"end":{"line":19,"column":69}}},"7":{"name":"(anonymous_7)","line":25,"loc":{"start":{"line":25,"column":28},"end":{"line":25,"column":53}}},"8":{"name":"(anonymous_8)","line":26,"loc":{"start":{"line":26,"column":79},"end":{"line":26,"column":96}}},"9":{"name":"(anonymous_9)","line":30,"loc":{"start":{"line":30,"column":63},"end":{"line":30,"column":81}}},"10":{"name":"(anonymous_10)","line":40,"loc":{"start":{"line":40,"column":31},"end":{"line":40,"column":56}}},"11":{"name":"(anonymous_11)","line":41,"loc":{"start":{"line":41,"column":82},"end":{"line":41,"column":99}}},"12":{"name":"(anonymous_12)","line":49,"loc":{"start":{"line":49,"column":25},"end":{"line":49,"column":50}}},"13":{"name":"(anonymous_13)","line":51,"loc":{"start":{"line":51,"column":38},"end":{"line":51,"column":61}}},"14":{"name":"(anonymous_14)","line":63,"loc":{"start":{"line":63,"column":21},"end":{"line":63,"column":51}}},"15":{"name":"(anonymous_15)","line":64,"loc":{"start":{"line":64,"column":47},"end":{"line":64,"column":66}}},"16":{"name":"(anonymous_16)","line":69,"loc":{"start":{"line":69,"column":23},"end":{"line":69,"column":63}}},"17":{"name":"(anonymous_17)","line":71,"loc":{"start":{"line":71,"column":40},"end":{"line":71,"column":57}}},"18":{"name":"(anonymous_18)","line":75,"loc":{"start":{"line":75,"column":44},"end":{"line":75,"column":63}}},"19":{"name":"(anonymous_19)","line":79,"loc":{"start":{"line":79,"column":51},"end":{"line":79,"column":62}}},"20":{"name":"(anonymous_20)","line":89,"loc":{"start":{"line":89,"column":20},"end":{"line":89,"column":60}}},"21":{"name":"(anonymous_21)","line":90,"loc":{"start":{"line":90,"column":40},"end":{"line":90,"column":57}}},"22":{"name":"(anonymous_22)","line":94,"loc":{"start":{"line":94,"column":55},"end":{"line":94,"column":74}}},"23":{"name":"(anonymous_23)","line":96,"loc":{"start":{"line":96,"column":58},"end":{"line":96,"column":78}}},"24":{"name":"(anonymous_24)","line":99,"loc":{"start":{"line":99,"column":66},"end":{"line":99,"column":86}}},"25":{"name":"(anonymous_25)","line":119,"loc":{"start":{"line":119,"column":21},"end":{"line":119,"column":50}}},"26":{"name":"(anonymous_26)","line":123,"loc":{"start":{"line":123,"column":42},"end":{"line":123,"column":61}}},"27":{"name":"(anonymous_27)","line":125,"loc":{"start":{"line":125,"column":50},"end":{"line":125,"column":71}}},"28":{"name":"(anonymous_28)","line":141,"loc":{"start":{"line":141,"column":21},"end":{"line":141,"column":50}}},"29":{"name":"(anonymous_29)","line":142,"loc":{"start":{"line":142,"column":39},"end":{"line":142,"column":53}}},"30":{"name":"(anonymous_30)","line":153,"loc":{"start":{"line":153,"column":19},"end":{"line":153,"column":44}}},"31":{"name":"(anonymous_31)","line":154,"loc":{"start":{"line":154,"column":42},"end":{"line":154,"column":66}}},"32":{"name":"(anonymous_32)","line":161,"loc":{"start":{"line":161,"column":21},"end":{"line":161,"column":51}}},"33":{"name":"(anonymous_33)","line":162,"loc":{"start":{"line":162,"column":47},"end":{"line":162,"column":66}}},"34":{"name":"(anonymous_34)","line":164,"loc":{"start":{"line":164,"column":46},"end":{"line":164,"column":69}}},"35":{"name":"(anonymous_35)","line":167,"loc":{"start":{"line":167,"column":43},"end":{"line":167,"column":57}}},"36":{"name":"(anonymous_36)","line":173,"loc":{"start":{"line":173,"column":34},"end":{"line":173,"column":48}}}},"statementMap":{"1":{"start":{"line":4,"column":0},"end":{"line":45,"column":2}},"2":{"start":{"line":5,"column":4},"end":{"line":16,"column":7}},"3":{"start":{"line":6,"column":8},"end":{"line":15,"column":11}},"4":{"start":{"line":7,"column":12},"end":{"line":14,"column":13}},"5":{"start":{"line":8,"column":16},"end":{"line":11,"column":19}},"6":{"start":{"line":9,"column":20},"end":{"line":9,"column":47}},"7":{"start":{"line":10,"column":20},"end":{"line":10,"column":27}},"8":{"start":{"line":13,"column":16},"end":{"line":13,"column":23}},"9":{"start":{"line":18,"column":4},"end":{"line":23,"column":7}},"10":{"start":{"line":19,"column":8},"end":{"line":22,"column":11}},"11":{"start":{"line":20,"column":12},"end":{"line":20,"column":34}},"12":{"start":{"line":21,"column":12},"end":{"line":21,"column":26}},"13":{"start":{"line":25,"column":4},"end":{"line":39,"column":7}},"14":{"start":{"line":26,"column":8},"end":{"line":37,"column":11}},"15":{"start":{"line":27,"column":12},"end":{"line":36,"column":13}},"16":{"start":{"line":29,"column":16},"end":{"line":29,"column":47}},"17":{"start":{"line":30,"column":16},"end":{"line":33,"column":19}},"18":{"start":{"line":31,"column":20},"end":{"line":31,"column":47}},"19":{"start":{"line":32,"column":20},"end":{"line":32,"column":54}},"20":{"start":{"line":35,"column":16},"end":{"line":35,"column":49}},"21":{"start":{"line":40,"column":4},"end":{"line":44,"column":7}},"22":{"start":{"line":41,"column":8},"end":{"line":43,"column":11}},"23":{"start":{"line":42,"column":12},"end":{"line":42,"column":45}},"24":{"start":{"line":47,"column":0},"end":{"line":47,"column":31}},"25":{"start":{"line":49,"column":0},"end":{"line":61,"column":2}},"26":{"start":{"line":50,"column":4},"end":{"line":50,"column":33}},"27":{"start":{"line":51,"column":4},"end":{"line":60,"column":7}},"28":{"start":{"line":52,"column":8},"end":{"line":55,"column":9}},"29":{"start":{"line":54,"column":12},"end":{"line":54,"column":41}},"30":{"start":{"line":57,"column":8},"end":{"line":57,"column":48}},"31":{"start":{"line":58,"column":8},"end":{"line":58,"column":39}},"32":{"start":{"line":59,"column":8},"end":{"line":59,"column":13}},"33":{"start":{"line":63,"column":0},"end":{"line":67,"column":2}},"34":{"start":{"line":64,"column":4},"end":{"line":66,"column":7}},"35":{"start":{"line":65,"column":8},"end":{"line":65,"column":24}},"36":{"start":{"line":69,"column":0},"end":{"line":85,"column":2}},"37":{"start":{"line":71,"column":4},"end":{"line":84,"column":7}},"38":{"start":{"line":72,"column":8},"end":{"line":83,"column":9}},"39":{"start":{"line":73,"column":12},"end":{"line":73,"column":66}},"40":{"start":{"line":75,"column":12},"end":{"line":82,"column":15}},"41":{"start":{"line":76,"column":16},"end":{"line":76,"column":64}},"42":{"start":{"line":77,"column":16},"end":{"line":77,"column":64}},"43":{"start":{"line":78,"column":16},"end":{"line":78,"column":64}},"44":{"start":{"line":79,"column":16},"end":{"line":81,"column":19}},"45":{"start":{"line":80,"column":20},"end":{"line":80,"column":64}},"46":{"start":{"line":89,"column":0},"end":{"line":115,"column":2}},"47":{"start":{"line":90,"column":4},"end":{"line":114,"column":7}},"48":{"start":{"line":91,"column":8},"end":{"line":113,"column":9}},"49":{"start":{"line":92,"column":12},"end":{"line":92,"column":65}},"50":{"start":{"line":94,"column":12},"end":{"line":112,"column":15}},"51":{"start":{"line":95,"column":16},"end":{"line":111,"column":17}},"52":{"start":{"line":96,"column":20},"end":{"line":108,"column":23}},"53":{"start":{"line":97,"column":24},"end":{"line":107,"column":25}},"54":{"start":{"line":98,"column":28},"end":{"line":104,"column":29}},"55":{"start":{"line":99,"column":32},"end":{"line":101,"column":35}},"56":{"start":{"line":100,"column":36},"end":{"line":100,"column":65}},"57":{"start":{"line":103,"column":32},"end":{"line":103,"column":64}},"58":{"start":{"line":106,"column":28},"end":{"line":106,"column":54}},"59":{"start":{"line":110,"column":20},"end":{"line":110,"column":46}},"60":{"start":{"line":119,"column":0},"end":{"line":137,"column":2}},"61":{"start":{"line":120,"column":4},"end":{"line":136,"column":5}},"62":{"start":{"line":121,"column":8},"end":{"line":121,"column":13}},"63":{"start":{"line":123,"column":8},"end":{"line":135,"column":11}},"64":{"start":{"line":124,"column":12},"end":{"line":134,"column":13}},"65":{"start":{"line":125,"column":16},"end":{"line":131,"column":19}},"66":{"start":{"line":126,"column":20},"end":{"line":130,"column":21}},"67":{"start":{"line":127,"column":24},"end":{"line":127,"column":32}},"68":{"start":{"line":129,"column":24},"end":{"line":129,"column":29}},"69":{"start":{"line":133,"column":16},"end":{"line":133,"column":21}},"70":{"start":{"line":141,"column":0},"end":{"line":149,"column":2}},"71":{"start":{"line":142,"column":4},"end":{"line":148,"column":7}},"72":{"start":{"line":143,"column":8},"end":{"line":147,"column":9}},"73":{"start":{"line":144,"column":12},"end":{"line":144,"column":17}},"74":{"start":{"line":146,"column":12},"end":{"line":146,"column":51}},"75":{"start":{"line":153,"column":0},"end":{"line":157,"column":2}},"76":{"start":{"line":154,"column":4},"end":{"line":156,"column":7}},"77":{"start":{"line":155,"column":8},"end":{"line":155,"column":35}},"78":{"start":{"line":161,"column":0},"end":{"line":182,"column":2}},"79":{"start":{"line":162,"column":4},"end":{"line":181,"column":7}},"80":{"start":{"line":163,"column":8},"end":{"line":180,"column":9}},"81":{"start":{"line":164,"column":12},"end":{"line":177,"column":15}},"82":{"start":{"line":165,"column":16},"end":{"line":165,"column":54}},"83":{"start":{"line":165,"column":27},"end":{"line":165,"column":53}},"84":{"start":{"line":166,"column":16},"end":{"line":170,"column":16}},"85":{"start":{"line":168,"column":24},"end":{"line":168,"column":53}},"86":{"start":{"line":171,"column":16},"end":{"line":171,"column":64}},"87":{"start":{"line":172,"column":16},"end":{"line":172,"column":50}},"88":{"start":{"line":173,"column":16},"end":{"line":175,"column":19}},"89":{"start":{"line":174,"column":20},"end":{"line":174,"column":35}},"90":{"start":{"line":176,"column":16},"end":{"line":176,"column":38}},"91":{"start":{"line":179,"column":12},"end":{"line":179,"column":70}}},"branchMap":{"1":{"line":7,"type":"if","locations":[{"start":{"line":7,"column":12},"end":{"line":7,"column":12}},{"start":{"line":7,"column":12},"end":{"line":7,"column":12}}]},"2":{"line":27,"type":"if","locations":[{"start":{"line":27,"column":12},"end":{"line":27,"column":12}},{"start":{"line":27,"column":12},"end":{"line":27,"column":12}}]},"3":{"line":27,"type":"binary-expr","locations":[{"start":{"line":27,"column":16},"end":{"line":27,"column":27}},{"start":{"line":27,"column":31},"end":{"line":27,"column":41}}]},"4":{"line":52,"type":"if","locations":[{"start":{"line":52,"column":8},"end":{"line":52,"column":8}},{"start":{"line":52,"column":8},"end":{"line":52,"column":8}}]},"5":{"line":52,"type":"binary-expr","locations":[{"start":{"line":52,"column":12},"end":{"line":52,"column":16}},{"start":{"line":52,"column":20},"end":{"line":52,"column":27}}]},"6":{"line":65,"type":"binary-expr","locations":[{"start":{"line":65,"column":11},"end":{"line":65,"column":15}},{"start":{"line":65,"column":19},"end":{"line":65,"column":22}}]},"7":{"line":72,"type":"if","locations":[{"start":{"line":72,"column":8},"end":{"line":72,"column":8}},{"start":{"line":72,"column":8},"end":{"line":72,"column":8}}]},"8":{"line":91,"type":"if","locations":[{"start":{"line":91,"column":8},"end":{"line":91,"column":8}},{"start":{"line":91,"column":8},"end":{"line":91,"column":8}}]},"9":{"line":95,"type":"if","locations":[{"start":{"line":95,"column":16},"end":{"line":95,"column":16}},{"start":{"line":95,"column":16},"end":{"line":95,"column":16}}]},"10":{"line":97,"type":"if","locations":[{"start":{"line":97,"column":24},"end":{"line":97,"column":24}},{"start":{"line":97,"column":24},"end":{"line":97,"column":24}}]},"11":{"line":98,"type":"if","locations":[{"start":{"line":98,"column":28},"end":{"line":98,"column":28}},{"start":{"line":98,"column":28},"end":{"line":98,"column":28}}]},"12":{"line":120,"type":"if","locations":[{"start":{"line":120,"column":4},"end":{"line":120,"column":4}},{"start":{"line":120,"column":4},"end":{"line":120,"column":4}}]},"13":{"line":124,"type":"if","locations":[{"start":{"line":124,"column":12},"end":{"line":124,"column":12}},{"start":{"line":124,"column":12},"end":{"line":124,"column":12}}]},"14":{"line":124,"type":"binary-expr","locations":[{"start":{"line":124,"column":16},"end":{"line":124,"column":20}},{"start":{"line":124,"column":24},"end":{"line":124,"column":27}}]},"15":{"line":126,"type":"if","locations":[{"start":{"line":126,"column":20},"end":{"line":126,"column":20}},{"start":{"line":126,"column":20},"end":{"line":126,"column":20}}]},"16":{"line":126,"type":"binary-expr","locations":[{"start":{"line":126,"column":24},"end":{"line":126,"column":28}},{"start":{"line":126,"column":32},"end":{"line":126,"column":53}}]},"17":{"line":143,"type":"if","locations":[{"start":{"line":143,"column":8},"end":{"line":143,"column":8}},{"start":{"line":143,"column":8},"end":{"line":143,"column":8}}]},"18":{"line":163,"type":"if","locations":[{"start":{"line":163,"column":8},"end":{"line":163,"column":8}},{"start":{"line":163,"column":8},"end":{"line":163,"column":8}}]},"19":{"line":165,"type":"if","locations":[{"start":{"line":165,"column":16},"end":{"line":165,"column":16}},{"start":{"line":165,"column":16},"end":{"line":165,"column":16}}]}}}}