TN:
SF:/Users/trostler/baseapp/routes/index.js
FN:6,(anonymous_1)
FNF:1
FNH:1
FNDA:10,(anonymous_1)
DA:6,4
DA:7,10
LF:2
LH:2
BRF:0
BRH:0
end_of_record
TN:
SF:/Users/trostler/baseapp/routes/user.js
FN:4,(anonymous_1)
FN:5,(anonymous_2)
FN:6,(anonymous_3)
FN:8,(anonymous_4)
FN:18,(anonymous_5)
FN:19,(anonymous_6)
FN:25,(anonymous_7)
FN:26,(anonymous_8)
FN:30,(anonymous_9)
FN:40,(anonymous_10)
FN:41,(anonymous_11)
FN:49,(anonymous_12)
FN:51,(anonymous_13)
FN:63,(anonymous_14)
FN:64,(anonymous_15)
FN:69,(anonymous_16)
FN:71,(anonymous_17)
FN:75,(anonymous_18)
FN:79,(anonymous_19)
FN:89,(anonymous_20)
FN:90,(anonymous_21)
FN:94,(anonymous_22)
FN:96,(anonymous_23)
FN:99,(anonymous_24)
FN:119,(anonymous_25)
FN:123,(anonymous_26)
FN:125,(anonymous_27)
FN:141,(anonymous_28)
FN:142,(anonymous_29)
FN:153,(anonymous_30)
FN:154,(anonymous_31)
FN:161,(anonymous_32)
FN:162,(anonymous_33)
FN:164,(anonymous_34)
FN:167,(anonymous_35)
FN:173,(anonymous_36)
FNF:36
FNH:31
FNDA:4,(anonymous_1)
FNDA:66,(anonymous_2)
FNDA:66,(anonymous_3)
FNDA:1,(anonymous_4)
FNDA:1,(anonymous_5)
FNDA:1,(anonymous_6)
FNDA:4,(anonymous_7)
FNDA:4,(anonymous_8)
FNDA:1,(anonymous_9)
FNDA:1,(anonymous_10)
FNDA:1,(anonymous_11)
FNDA:2,(anonymous_12)
FNDA:2,(anonymous_13)
FNDA:5,(anonymous_14)
FNDA:5,(anonymous_15)
FNDA:1,(anonymous_16)
FNDA:1,(anonymous_17)
FNDA:1,(anonymous_18)
FNDA:1,(anonymous_19)
FNDA:4,(anonymous_20)
FNDA:4,(anonymous_21)
FNDA:1,(anonymous_22)
FNDA:1,(anonymous_23)
FNDA:1,(anonymous_24)
FNDA:67,(anonymous_25)
FNDA:2,(anonymous_26)
FNDA:2,(anonymous_27)
FNDA:1,(anonymous_28)
FNDA:1,(anonymous_29)
FNDA:2,(anonymous_30)
FNDA:2,(anonymous_31)
FNDA:0,(anonymous_32)
FNDA:0,(anonymous_33)
FNDA:0,(anonymous_34)
FNDA:0,(anonymous_35)
FNDA:0,(anonymous_36)
DA:4,4
DA:5,4
DA:6,66
DA:7,66
DA:8,1
DA:9,1
DA:10,1
DA:13,65
DA:18,4
DA:19,1
DA:20,1
DA:21,1
DA:25,4
DA:26,4
DA:27,4
DA:29,1
DA:30,1
DA:31,1
DA:32,1
DA:35,3
DA:40,4
DA:41,1
DA:42,1
DA:47,4
DA:49,4
DA:50,2
DA:51,2
DA:52,2
DA:54,1
DA:57,2
DA:58,2
DA:59,2
DA:63,4
DA:64,5
DA:65,5
DA:69,4
DA:71,1
DA:72,1
DA:73,0
DA:75,1
DA:76,1
DA:77,1
DA:78,1
DA:79,1
DA:80,1
DA:89,4
DA:90,4
DA:91,4
DA:92,3
DA:94,1
DA:95,1
DA:96,1
DA:97,1
DA:98,1
DA:99,1
DA:100,1
DA:103,0
DA:106,0
DA:110,0
DA:119,4
DA:120,67
DA:121,65
DA:123,2
DA:124,2
DA:125,2
DA:126,2
DA:127,2
DA:129,0
DA:133,0
DA:141,4
DA:142,1
DA:143,1
DA:144,0
DA:146,1
DA:153,4
DA:154,2
DA:155,2
DA:161,4
DA:162,0
DA:163,0
DA:164,0
DA:165,0
DA:166,0
DA:168,0
DA:171,0
DA:172,0
DA:173,0
DA:174,0
DA:176,0
DA:179,0
LF:90
LH:71
BRDA:7,1,0,1
BRDA:7,1,1,65
BRDA:27,2,0,1
BRDA:27,2,1,3
BRDA:27,3,0,4
BRDA:27,3,1,1
BRDA:52,4,0,1
BRDA:52,4,1,1
BRDA:52,5,0,2
BRDA:52,5,1,2
BRDA:65,6,0,5
BRDA:65,6,1,5
BRDA:72,7,0,0
BRDA:72,7,1,1
BRDA:91,8,0,3
BRDA:91,8,1,1
BRDA:95,9,0,1
BRDA:95,9,1,0
BRDA:97,10,0,1
BRDA:97,10,1,0
BRDA:98,11,0,1
BRDA:98,11,1,0
BRDA:120,12,0,65
BRDA:120,12,1,2
BRDA:124,13,0,2
BRDA:124,13,1,0
BRDA:124,14,0,2
BRDA:124,14,1,2
BRDA:126,15,0,2
BRDA:126,15,1,0
BRDA:126,16,0,2
BRDA:126,16,1,2
BRDA:143,17,0,0
BRDA:143,17,1,1
BRDA:163,18,0,0
BRDA:163,18,1,0
BRDA:165,19,0,0
BRDA:165,19,1,0
BRF:38
BRH:27
end_of_record
TN:
SF:/Users/trostler/baseapp/public/javascripts/templates.js
FN:1,(anonymous_1)
FN:1,body_0
FN:1,body_1
FN:1,body_2
FN:1,body_3
FN:1,body_4
FN:2,(anonymous_7)
FN:2,body_0
FNF:8
FNH:8
FNDA:12,(anonymous_1)
FNDA:2,body_0
FNDA:1,body_1
FNDA:1,body_2
FNDA:1,body_3
FNDA:1,body_4
FNDA:12,(anonymous_7)
FNDA:2,body_0
DA:1,12
DA:2,12
LF:2
LH:2
BRF:0
BRH:0
end_of_record
TN:
SF:/Users/trostler/baseapp/public/javascripts/login.js
FN:1,(anonymous_1)
FN:3,(anonymous_2)
FN:17,collectFormValues
FN:24,tryToLogin
FN:36,(anonymous_5)
FN:37,(anonymous_6)
FN:41,responseOK
FN:51,(anonymous_8)
FN:60,responseFAILED
FN:64,(anonymous_10)
FNF:10
FNH:9
FNDA:11,(anonymous_1)
FNDA:22,(anonymous_2)
FNDA:11,collectFormValues
FNDA:11,tryToLogin
FNDA:5,(anonymous_5)
FNDA:0,(anonymous_6)
FNDA:5,responseOK
FNDA:1,(anonymous_8)
FNDA:9,responseFAILED
FNDA:11,(anonymous_10)
DA:1,11
DA:3,11
DA:6,22
DA:17,22
DA:18,11
DA:24,22
DA:25,11
DA:26,6
DA:27,6
DA:29,5
DA:36,5
DA:37,0
DA:41,22
DA:43,5
DA:44,3
DA:48,2
DA:49,2
DA:51,1
DA:52,1
DA:53,1
DA:54,1
DA:60,22
DA:61,9
DA:64,22
DA:65,11
DA:66,11
DA:67,11
DA:77,22
DA:80,11
DA:81,11
LF:30
LH:29
BRDA:25,1,0,6
BRDA:25,1,1,5
BRDA:25,2,0,11
BRDA:25,2,1,7
BRDA:43,3,0,3
BRDA:43,3,1,2
BRDA:49,4,0,1
BRDA:49,4,1,1
BRF:8
BRH:8
end_of_record
TN:
SF:/Users/trostler/baseapp/public/javascripts/main.js
FN:1,(anonymous_1)
FNF:1
FNH:1
FNDA:12,(anonymous_1)
DA:1,12
LF:1
LH:1
BRF:0
BRH:0
end_of_record
TN:
SF:/Users/trostler/baseapp/public/javascripts/logout.js
FN:1,(anonymous_1)
FN:3,(anonymous_2)
FN:14,(anonymous_3)
FN:18,(anonymous_4)
FN:19,(anonymous_5)
FN:23,responseOK
FN:24,(anonymous_7)
FN:31,responseFAILED
FNF:8
FNH:6
FNDA:1,(anonymous_1)
FNDA:1,(anonymous_2)
FNDA:1,(anonymous_3)
FNDA:1,(anonymous_4)
FNDA:0,(anonymous_5)
FNDA:1,responseOK
FNDA:1,(anonymous_7)
FNDA:0,responseFAILED
DA:1,1
DA:3,1
DA:6,1
DA:14,1
DA:15,1
DA:18,1
DA:19,0
DA:23,1
DA:24,1
DA:25,1
DA:26,1
DA:27,1
DA:31,1
DA:34,1
DA:37,1
LF:15
LH:14
BRF:0
BRH:0
end_of_record
